2024-11-21 16:05:42,883 [INFO] Initializing WebDriver.
2024-11-21 16:05:42,884 [INFO] ====== WebDriver manager ======
2024-11-21 16:06:03,163 [INFO] Get LATEST chromedriver version for google-chrome
2024-11-21 16:06:03,184 [DEBUG] Starting new HTTPS connection (1): googlechromelabs.github.io:443
2024-11-21 16:06:03,344 [DEBUG] https://googlechromelabs.github.io:443 "GET /chrome-for-testing/latest-patch-versions-per-build.json HTTP/11" 200 8312
2024-11-21 16:06:03,364 [INFO] Get LATEST chromedriver version for google-chrome
2024-11-21 16:06:03,365 [DEBUG] Starting new HTTPS connection (1): googlechromelabs.github.io:443
2024-11-21 16:06:03,452 [DEBUG] https://googlechromelabs.github.io:443 "GET /chrome-for-testing/latest-patch-versions-per-build.json HTTP/11" 200 8312
2024-11-21 16:06:03,554 [INFO] Driver [C:\Users\DELL\.wdm\drivers\chromedriver\win64\131.0.6778.85\chromedriver-win32/chromedriver.exe] found in cache
2024-11-21 16:06:03,558 [DEBUG] Skipping Selenium Manager; path to chrome driver specified in Service class: C:\Users\DELL\.wdm\drivers\chromedriver\win64\131.0.6778.85\chromedriver-win32/chromedriver.exe
2024-11-21 16:06:09,735 [DEBUG] Started executable: `C:\Users\DELL\.wdm\drivers\chromedriver\win64\131.0.6778.85\chromedriver-win32/chromedriver.exe` in a child process with pid: 11864 using 0 to output -3
2024-11-21 16:06:10,251 [DEBUG] POST http://localhost:50909/session {'capabilities': {'firstMatch': [{}], 'alwaysMatch': {'browserName': 'chrome', 'pageLoadStrategy': <PageLoadStrategy.normal: 'normal'>, 'goog:chromeOptions': {'extensions': [], 'args': []}}}}
2024-11-21 16:06:10,254 [DEBUG] Starting new HTTP connection (1): localhost:50909
2024-11-21 16:06:12,941 [DEBUG] http://localhost:50909 "POST /session HTTP/11" 200 0
2024-11-21 16:06:12,946 [DEBUG] Remote response: status=200 | data={"value":{"capabilities":{"acceptInsecureCerts":false,"browserName":"chrome","browserVersion":"131.0.6778.86","chrome":{"chromedriverVersion":"131.0.6778.85 (3d81e41b6f3ac8bcae63b32e8145c9eb0cd60a2d-refs/branch-heads/6778@{#2285})","userDataDir":"C:\\Users\\DELL\\AppData\\Local\\Temp\\scoped_dir11864_1024133131"},"fedcm:accounts":true,"goog:chromeOptions":{"debuggerAddress":"localhost:50919"},"networkConnectionEnabled":false,"pageLoadStrategy":"normal","platformName":"windows","proxy":{},"setWindowRect":true,"strictFileInteractability":false,"timeouts":{"implicit":0,"pageLoad":300000,"script":30000},"unhandledPromptBehavior":"dismiss and notify","webauthn:extension:credBlob":true,"webauthn:extension:largeBlob":true,"webauthn:extension:minPinLength":true,"webauthn:extension:prf":true,"webauthn:virtualAuthenticators":true},"sessionId":"5e1e7963924072bed245be87af6dd289"}} | headers=HTTPHeaderDict({'Content-Length': '881', 'Content-Type': 'application/json; charset=utf-8', 'cache-control': 'no-cache'})
2024-11-21 16:06:12,947 [DEBUG] Finished Request
2024-11-21 16:06:12,948 [DEBUG] POST http://localhost:50909/session/5e1e7963924072bed245be87af6dd289/window/maximize {}
2024-11-21 16:06:13,049 [DEBUG] http://localhost:50909 "POST /session/5e1e7963924072bed245be87af6dd289/window/maximize HTTP/11" 200 0
2024-11-21 16:06:13,050 [DEBUG] Remote response: status=200 | data={"value":{"height":744,"width":1382,"x":-8,"y":-8}} | headers=HTTPHeaderDict({'Content-Length': '51', 'Content-Type': 'application/json; charset=utf-8', 'cache-control': 'no-cache'})
2024-11-21 16:06:13,050 [DEBUG] Finished Request
2024-11-21 16:06:13,051 [DEBUG] POST http://localhost:50909/session/5e1e7963924072bed245be87af6dd289/url {'url': 'https://twitter.com/login'}
2024-11-21 16:06:21,622 [DEBUG] http://localhost:50909 "POST /session/5e1e7963924072bed245be87af6dd289/url HTTP/11" 200 0
2024-11-21 16:06:21,623 [DEBUG] Remote response: status=200 | data={"value":null} | headers=HTTPHeaderDict({'Content-Length': '14', 'Content-Type': 'application/json; charset=utf-8', 'cache-control': 'no-cache'})
2024-11-21 16:06:21,624 [DEBUG] Finished Request
2024-11-21 16:06:21,626 [DEBUG] POST http://localhost:50909/session/5e1e7963924072bed245be87af6dd289/cookie {'cookie': {'domain': '.x.com', 'expiry': 1763701914, 'httpOnly': False, 'name': 'twid', 'path': '/', 'sameSite': 'None', 'secure': True, 'value': 'u%3D1850450430490230785'}}
2024-11-21 16:06:21,642 [DEBUG] http://localhost:50909 "POST /session/5e1e7963924072bed245be87af6dd289/cookie HTTP/11" 200 0
2024-11-21 16:06:21,642 [DEBUG] Remote response: status=200 | data={"value":null} | headers=HTTPHeaderDict({'Content-Length': '14', 'Content-Type': 'application/json; charset=utf-8', 'cache-control': 'no-cache'})
2024-11-21 16:06:21,643 [DEBUG] Finished Request
2024-11-21 16:06:21,644 [DEBUG] POST http://localhost:50909/session/5e1e7963924072bed245be87af6dd289/cookie {'cookie': {'domain': '.x.com', 'expiry': 1766725908, 'httpOnly': False, 'name': 'guest_id_ads', 'path': '/', 'sameSite': 'None', 'secure': True, 'value': 'v1%3A173216584046643547'}}
2024-11-21 16:06:21,666 [DEBUG] http://localhost:50909 "POST /session/5e1e7963924072bed245be87af6dd289/cookie HTTP/11" 200 0
2024-11-21 16:06:21,666 [DEBUG] Remote response: status=200 | data={"value":null} | headers=HTTPHeaderDict({'Content-Length': '14', 'Content-Type': 'application/json; charset=utf-8', 'cache-control': 'no-cache'})
2024-11-21 16:06:21,667 [DEBUG] Finished Request
2024-11-21 16:06:21,668 [DEBUG] POST http://localhost:50909/session/5e1e7963924072bed245be87af6dd289/cookie {'cookie': {'domain': 'x.com', 'httpOnly': False, 'name': 'lang', 'path': '/', 'sameSite': 'Lax', 'secure': False, 'value': 'en'}}
2024-11-21 16:06:21,679 [DEBUG] http://localhost:50909 "POST /session/5e1e7963924072bed245be87af6dd289/cookie HTTP/11" 200 0
2024-11-21 16:06:21,679 [DEBUG] Remote response: status=200 | data={"value":null} | headers=HTTPHeaderDict({'Content-Length': '14', 'Content-Type': 'application/json; charset=utf-8', 'cache-control': 'no-cache'})
2024-11-21 16:06:21,681 [DEBUG] Finished Request
2024-11-21 16:06:21,683 [DEBUG] POST http://localhost:50909/session/5e1e7963924072bed245be87af6dd289/cookie {'cookie': {'domain': '.x.com', 'expiry': 1766725854, 'httpOnly': False, 'name': 'ct0', 'path': '/', 'sameSite': 'Lax', 'secure': True, 'value': '0937230df17fcb31f1d416adb6797678d415f427132a08aa5e7b1c314a5efcbeb62fabad2d81a68621999f3186d50422a269...'}}
2024-11-21 16:06:26,764 [DEBUG] http://localhost:50909 "POST /session/5e1e7963924072bed245be87af6dd289/cookie HTTP/11" 200 0
2024-11-21 16:06:26,765 [DEBUG] Remote response: status=200 | data={"value":null} | headers=HTTPHeaderDict({'Content-Length': '14', 'Content-Type': 'application/json; charset=utf-8', 'cache-control': 'no-cache'})
2024-11-21 16:06:26,767 [DEBUG] Finished Request
2024-11-21 16:06:26,767 [DEBUG] POST http://localhost:50909/session/5e1e7963924072bed245be87af6dd289/cookie {'cookie': {'domain': '.x.com', 'expiry': 1766680522, 'httpOnly': True, 'name': 'auth_token', 'path': '/', 'sameSite': 'None', 'secure': True, 'value': '4086b2a1ec47df902b4db3c07a52ad9567ce8a90'}}
2024-11-21 16:06:26,837 [DEBUG] http://localhost:50909 "POST /session/5e1e7963924072bed245be87af6dd289/cookie HTTP/11" 200 0
2024-11-21 16:06:26,838 [DEBUG] Remote response: status=200 | data={"value":null} | headers=HTTPHeaderDict({'Content-Length': '14', 'Content-Type': 'application/json; charset=utf-8', 'cache-control': 'no-cache'})
2024-11-21 16:06:26,839 [DEBUG] Finished Request
2024-11-21 16:06:26,839 [DEBUG] POST http://localhost:50909/session/5e1e7963924072bed245be87af6dd289/cookie {'cookie': {'domain': '.x.com', 'expiry': 1763701866, 'httpOnly': False, 'name': 'personalization_id', 'path': '/', 'sameSite': 'None', 'secure': True, 'value': '"v1_wpdRi/U/Jc+HkIWmTSdgdw=="'}}
2024-11-21 16:06:27,345 [DEBUG] http://localhost:50909 "POST /session/5e1e7963924072bed245be87af6dd289/cookie HTTP/11" 200 0
2024-11-21 16:06:27,346 [DEBUG] Remote response: status=200 | data={"value":null} | headers=HTTPHeaderDict({'Content-Length': '14', 'Content-Type': 'application/json; charset=utf-8', 'cache-control': 'no-cache'})
2024-11-21 16:06:27,394 [DEBUG] Finished Request
2024-11-21 16:06:27,402 [DEBUG] POST http://localhost:50909/session/5e1e7963924072bed245be87af6dd289/cookie {'cookie': {'domain': '.x.com', 'expiry': 1766725908, 'httpOnly': False, 'name': 'guest_id_marketing', 'path': '/', 'sameSite': 'None', 'secure': True, 'value': 'v1%3A173216584046643547'}}
2024-11-21 16:06:27,439 [DEBUG] http://localhost:50909 "POST /session/5e1e7963924072bed245be87af6dd289/cookie HTTP/11" 200 0
2024-11-21 16:06:27,440 [DEBUG] Remote response: status=200 | data={"value":null} | headers=HTTPHeaderDict({'Content-Length': '14', 'Content-Type': 'application/json; charset=utf-8', 'cache-control': 'no-cache'})
2024-11-21 16:06:27,442 [DEBUG] Finished Request
2024-11-21 16:06:27,443 [DEBUG] POST http://localhost:50909/session/5e1e7963924072bed245be87af6dd289/cookie {'cookie': {'domain': '.x.com', 'httpOnly': False, 'name': 'lang', 'path': '/', 'sameSite': 'Lax', 'secure': True, 'value': 'en'}}
2024-11-21 16:06:27,453 [DEBUG] http://localhost:50909 "POST /session/5e1e7963924072bed245be87af6dd289/cookie HTTP/11" 200 0
2024-11-21 16:06:27,454 [DEBUG] Remote response: status=200 | data={"value":null} | headers=HTTPHeaderDict({'Content-Length': '14', 'Content-Type': 'application/json; charset=utf-8', 'cache-control': 'no-cache'})
2024-11-21 16:06:27,455 [DEBUG] Finished Request
2024-11-21 16:06:27,456 [DEBUG] POST http://localhost:50909/session/5e1e7963924072bed245be87af6dd289/cookie {'cookie': {'domain': '.x.com', 'expiry': 1763701909, 'httpOnly': False, 'name': 'night_mode', 'path': '/', 'sameSite': 'None', 'secure': True, 'value': '2'}}
2024-11-21 16:06:27,466 [DEBUG] http://localhost:50909 "POST /session/5e1e7963924072bed245be87af6dd289/cookie HTTP/11" 200 0
2024-11-21 16:06:27,467 [DEBUG] Remote response: status=200 | data={"value":null} | headers=HTTPHeaderDict({'Content-Length': '14', 'Content-Type': 'application/json; charset=utf-8', 'cache-control': 'no-cache'})
2024-11-21 16:06:27,467 [DEBUG] Finished Request
2024-11-21 16:06:27,468 [DEBUG] POST http://localhost:50909/session/5e1e7963924072bed245be87af6dd289/cookie {'cookie': {'domain': '.x.com', 'expiry': 1732220910, 'httpOnly': True, 'name': 'att', 'path': '/', 'sameSite': 'None', 'secure': True, 'value': '1-D1PitCCxOsvsLNiY43CcrPYF1K1o8V6vN9uRQYfH'}}
2024-11-21 16:06:27,479 [DEBUG] http://localhost:50909 "POST /session/5e1e7963924072bed245be87af6dd289/cookie HTTP/11" 200 0
2024-11-21 16:06:27,480 [DEBUG] Remote response: status=200 | data={"value":null} | headers=HTTPHeaderDict({'Content-Length': '14', 'Content-Type': 'application/json; charset=utf-8', 'cache-control': 'no-cache'})
2024-11-21 16:06:27,481 [DEBUG] Finished Request
2024-11-21 16:06:27,481 [DEBUG] POST http://localhost:50909/session/5e1e7963924072bed245be87af6dd289/cookie {'cookie': {'domain': '.x.com', 'expiry': 1763701851, 'httpOnly': False, 'name': 'guest_id', 'path': '/', 'sameSite': 'None', 'secure': True, 'value': 'v1%3A173216584046643547'}}
2024-11-21 16:06:27,495 [DEBUG] http://localhost:50909 "POST /session/5e1e7963924072bed245be87af6dd289/cookie HTTP/11" 200 0
2024-11-21 16:06:27,497 [DEBUG] Remote response: status=200 | data={"value":null} | headers=HTTPHeaderDict({'Content-Length': '14', 'Content-Type': 'application/json; charset=utf-8', 'cache-control': 'no-cache'})
2024-11-21 16:06:27,498 [DEBUG] Finished Request
2024-11-21 16:06:27,499 [INFO] Cookies loaded successfully.
2024-11-21 16:06:27,500 [INFO] Cookies loaded. Refreshing page to maintain session...
2024-11-21 16:06:37,502 [DEBUG] POST http://localhost:50909/session/5e1e7963924072bed245be87af6dd289/refresh {}
2024-11-21 16:06:40,180 [DEBUG] http://localhost:50909 "POST /session/5e1e7963924072bed245be87af6dd289/refresh HTTP/11" 200 0
2024-11-21 16:06:40,250 [DEBUG] Remote response: status=200 | data={"value":null} | headers=HTTPHeaderDict({'Content-Length': '14', 'Content-Type': 'application/json; charset=utf-8', 'cache-control': 'no-cache'})
2024-11-21 16:06:40,264 [DEBUG] Finished Request
2024-11-21 16:06:40,292 [INFO] Logged in successfully.
2024-11-21 16:06:40,345 [DEBUG] POST http://localhost:50909/session/5e1e7963924072bed245be87af6dd289/url {'url': 'https://twitter.com/home'}
2024-11-21 16:06:45,710 [DEBUG] http://localhost:50909 "POST /session/5e1e7963924072bed245be87af6dd289/url HTTP/11" 200 0
2024-11-21 16:06:45,712 [DEBUG] Remote response: status=200 | data={"value":null} | headers=HTTPHeaderDict({'Content-Length': '14', 'Content-Type': 'application/json; charset=utf-8', 'cache-control': 'no-cache'})
2024-11-21 16:06:45,714 [DEBUG] Finished Request
2024-11-21 16:06:45,715 [DEBUG] POST http://localhost:50909/session/5e1e7963924072bed245be87af6dd289/element {'using': 'xpath', 'value': "//div[contains(@aria-label,'unread items')]//span"}
2024-11-21 16:06:46,824 [DEBUG] http://localhost:50909 "POST /session/5e1e7963924072bed245be87af6dd289/element HTTP/11" 404 0
2024-11-21 16:06:46,825 [DEBUG] Remote response: status=404 | data={"value":{"error":"no such element","message":"no such element: Unable to locate element: {\"method\":\"xpath\",\"selector\":\"//div[contains(@aria-label,'unread items')]//span\"}\n  (Session info: chrome=131.0.6778.86)","stacktrace":"\tGetHandleVerifier [0x00D733E3+25059]\n\t(No symbol) [0x00CFCDE4]\n\t(No symbol) [0x00BDBEC3]\n\t(No symbol) [0x00C1FD86]\n\t(No symbol) [0x00C1FFCB]\n\t(No symbol) [0x00C5D952]\n\t(No symbol) [0x00C41F44]\n\t(No symbol) [0x00C5B51E]\n\t(No symbol) [0x00C41C96]\n\t(No symbol) [0x00C13FAC]\n\t(No symbol) [0x00C14F3D]\n\tGetHandleVerifier [0x01065543+3113795]\n\tGetHandleVerifier [0x0107A20A+3198986]\n\tGetHandleVerifier [0x010729E2+3168226]\n\tGetHandleVerifier [0x00E13250+680016]\n\t(No symbol) [0x00D0572D]\n\t(No symbol) [0x00D029D8]\n\t(No symbol) [0x00D02B75]\n\t(No symbol) [0x00CF57D0]\n\tBaseThreadInitThunk [0x7693FCC9+25]\n\tRtlGetAppContainerNamedObjectPath [0x776A809E+286]\n\tRtlGetAppContainerNamedObjectPath [0x776A806E+238]\n"}} | headers=HTTPHeaderDict({'Content-Length': '984', 'Content-Type': 'application/json; charset=utf-8', 'cache-control': 'no-cache'})
2024-11-21 16:06:46,941 [DEBUG] Finished Request
2024-11-21 16:06:47,443 [DEBUG] POST http://localhost:50909/session/5e1e7963924072bed245be87af6dd289/element {'using': 'xpath', 'value': "//div[contains(@aria-label,'unread items')]//span"}
2024-11-21 16:06:47,463 [DEBUG] http://localhost:50909 "POST /session/5e1e7963924072bed245be87af6dd289/element HTTP/11" 404 0
2024-11-21 16:06:47,463 [DEBUG] Remote response: status=404 | data={"value":{"error":"no such element","message":"no such element: Unable to locate element: {\"method\":\"xpath\",\"selector\":\"//div[contains(@aria-label,'unread items')]//span\"}\n  (Session info: chrome=131.0.6778.86)","stacktrace":"\tGetHandleVerifier [0x00D733E3+25059]\n\t(No symbol) [0x00CFCDE4]\n\t(No symbol) [0x00BDBEC3]\n\t(No symbol) [0x00C1FD86]\n\t(No symbol) [0x00C1FFCB]\n\t(No symbol) [0x00C5D952]\n\t(No symbol) [0x00C41F44]\n\t(No symbol) [0x00C5B51E]\n\t(No symbol) [0x00C41C96]\n\t(No symbol) [0x00C13FAC]\n\t(No symbol) [0x00C14F3D]\n\tGetHandleVerifier [0x01065543+3113795]\n\tGetHandleVerifier [0x0107A20A+3198986]\n\tGetHandleVerifier [0x010729E2+3168226]\n\tGetHandleVerifier [0x00E13250+680016]\n\t(No symbol) [0x00D0572D]\n\t(No symbol) [0x00D029D8]\n\t(No symbol) [0x00D02B75]\n\t(No symbol) [0x00CF57D0]\n\tBaseThreadInitThunk [0x7693FCC9+25]\n\tRtlGetAppContainerNamedObjectPath [0x776A809E+286]\n\tRtlGetAppContainerNamedObjectPath [0x776A806E+238]\n"}} | headers=HTTPHeaderDict({'Content-Length': '984', 'Content-Type': 'application/json; charset=utf-8', 'cache-control': 'no-cache'})
2024-11-21 16:06:47,466 [DEBUG] Finished Request
2024-11-21 16:06:47,968 [DEBUG] POST http://localhost:50909/session/5e1e7963924072bed245be87af6dd289/element {'using': 'xpath', 'value': "//div[contains(@aria-label,'unread items')]//span"}
2024-11-21 16:06:48,003 [DEBUG] http://localhost:50909 "POST /session/5e1e7963924072bed245be87af6dd289/element HTTP/11" 404 0
2024-11-21 16:06:48,006 [DEBUG] Remote response: status=404 | data={"value":{"error":"no such element","message":"no such element: Unable to locate element: {\"method\":\"xpath\",\"selector\":\"//div[contains(@aria-label,'unread items')]//span\"}\n  (Session info: chrome=131.0.6778.86)","stacktrace":"\tGetHandleVerifier [0x00D733E3+25059]\n\t(No symbol) [0x00CFCDE4]\n\t(No symbol) [0x00BDBEC3]\n\t(No symbol) [0x00C1FD86]\n\t(No symbol) [0x00C1FFCB]\n\t(No symbol) [0x00C5D952]\n\t(No symbol) [0x00C41F44]\n\t(No symbol) [0x00C5B51E]\n\t(No symbol) [0x00C41C96]\n\t(No symbol) [0x00C13FAC]\n\t(No symbol) [0x00C14F3D]\n\tGetHandleVerifier [0x01065543+3113795]\n\tGetHandleVerifier [0x0107A20A+3198986]\n\tGetHandleVerifier [0x010729E2+3168226]\n\tGetHandleVerifier [0x00E13250+680016]\n\t(No symbol) [0x00D0572D]\n\t(No symbol) [0x00D029D8]\n\t(No symbol) [0x00D02B75]\n\t(No symbol) [0x00CF57D0]\n\tBaseThreadInitThunk [0x7693FCC9+25]\n\tRtlGetAppContainerNamedObjectPath [0x776A809E+286]\n\tRtlGetAppContainerNamedObjectPath [0x776A806E+238]\n"}} | headers=HTTPHeaderDict({'Content-Length': '984', 'Content-Type': 'application/json; charset=utf-8', 'cache-control': 'no-cache'})
2024-11-21 16:06:48,056 [DEBUG] Finished Request
2024-11-21 16:06:48,558 [DEBUG] POST http://localhost:50909/session/5e1e7963924072bed245be87af6dd289/element {'using': 'xpath', 'value': "//div[contains(@aria-label,'unread items')]//span"}
2024-11-21 16:06:48,578 [DEBUG] http://localhost:50909 "POST /session/5e1e7963924072bed245be87af6dd289/element HTTP/11" 404 0
2024-11-21 16:06:48,579 [DEBUG] Remote response: status=404 | data={"value":{"error":"no such element","message":"no such element: Unable to locate element: {\"method\":\"xpath\",\"selector\":\"//div[contains(@aria-label,'unread items')]//span\"}\n  (Session info: chrome=131.0.6778.86)","stacktrace":"\tGetHandleVerifier [0x00D733E3+25059]\n\t(No symbol) [0x00CFCDE4]\n\t(No symbol) [0x00BDBEC3]\n\t(No symbol) [0x00C1FD86]\n\t(No symbol) [0x00C1FFCB]\n\t(No symbol) [0x00C5D952]\n\t(No symbol) [0x00C41F44]\n\t(No symbol) [0x00C5B51E]\n\t(No symbol) [0x00C41C96]\n\t(No symbol) [0x00C13FAC]\n\t(No symbol) [0x00C14F3D]\n\tGetHandleVerifier [0x01065543+3113795]\n\tGetHandleVerifier [0x0107A20A+3198986]\n\tGetHandleVerifier [0x010729E2+3168226]\n\tGetHandleVerifier [0x00E13250+680016]\n\t(No symbol) [0x00D0572D]\n\t(No symbol) [0x00D029D8]\n\t(No symbol) [0x00D02B75]\n\t(No symbol) [0x00CF57D0]\n\tBaseThreadInitThunk [0x7693FCC9+25]\n\tRtlGetAppContainerNamedObjectPath [0x776A809E+286]\n\tRtlGetAppContainerNamedObjectPath [0x776A806E+238]\n"}} | headers=HTTPHeaderDict({'Content-Length': '984', 'Content-Type': 'application/json; charset=utf-8', 'cache-control': 'no-cache'})
2024-11-21 16:06:48,618 [DEBUG] Finished Request
2024-11-21 16:06:49,122 [DEBUG] POST http://localhost:50909/session/5e1e7963924072bed245be87af6dd289/element {'using': 'xpath', 'value': "//div[contains(@aria-label,'unread items')]//span"}
2024-11-21 16:06:49,830 [DEBUG] http://localhost:50909 "POST /session/5e1e7963924072bed245be87af6dd289/element HTTP/11" 404 0
2024-11-21 16:06:49,831 [DEBUG] Remote response: status=404 | data={"value":{"error":"no such element","message":"no such element: Unable to locate element: {\"method\":\"xpath\",\"selector\":\"//div[contains(@aria-label,'unread items')]//span\"}\n  (Session info: chrome=131.0.6778.86)","stacktrace":"\tGetHandleVerifier [0x00D733E3+25059]\n\t(No symbol) [0x00CFCDE4]\n\t(No symbol) [0x00BDBEC3]\n\t(No symbol) [0x00C1FD86]\n\t(No symbol) [0x00C1FFCB]\n\t(No symbol) [0x00C5D952]\n\t(No symbol) [0x00C41F44]\n\t(No symbol) [0x00C5B51E]\n\t(No symbol) [0x00C41C96]\n\t(No symbol) [0x00C13FAC]\n\t(No symbol) [0x00C14F3D]\n\tGetHandleVerifier [0x01065543+3113795]\n\tGetHandleVerifier [0x0107A20A+3198986]\n\tGetHandleVerifier [0x010729E2+3168226]\n\tGetHandleVerifier [0x00E13250+680016]\n\t(No symbol) [0x00D0572D]\n\t(No symbol) [0x00D029D8]\n\t(No symbol) [0x00D02B75]\n\t(No symbol) [0x00CF57D0]\n\tBaseThreadInitThunk [0x7693FCC9+25]\n\tRtlGetAppContainerNamedObjectPath [0x776A809E+286]\n\tRtlGetAppContainerNamedObjectPath [0x776A806E+238]\n"}} | headers=HTTPHeaderDict({'Content-Length': '984', 'Content-Type': 'application/json; charset=utf-8', 'cache-control': 'no-cache'})
2024-11-21 16:06:49,833 [DEBUG] Finished Request
2024-11-21 16:06:50,336 [DEBUG] POST http://localhost:50909/session/5e1e7963924072bed245be87af6dd289/element {'using': 'xpath', 'value': "//div[contains(@aria-label,'unread items')]//span"}
2024-11-21 16:06:50,452 [DEBUG] http://localhost:50909 "POST /session/5e1e7963924072bed245be87af6dd289/element HTTP/11" 404 0
2024-11-21 16:06:50,453 [DEBUG] Remote response: status=404 | data={"value":{"error":"no such element","message":"no such element: Unable to locate element: {\"method\":\"xpath\",\"selector\":\"//div[contains(@aria-label,'unread items')]//span\"}\n  (Session info: chrome=131.0.6778.86)","stacktrace":"\tGetHandleVerifier [0x00D733E3+25059]\n\t(No symbol) [0x00CFCDE4]\n\t(No symbol) [0x00BDBEC3]\n\t(No symbol) [0x00C1FD86]\n\t(No symbol) [0x00C1FFCB]\n\t(No symbol) [0x00C5D952]\n\t(No symbol) [0x00C41F44]\n\t(No symbol) [0x00C5B51E]\n\t(No symbol) [0x00C41C96]\n\t(No symbol) [0x00C13FAC]\n\t(No symbol) [0x00C14F3D]\n\tGetHandleVerifier [0x01065543+3113795]\n\tGetHandleVerifier [0x0107A20A+3198986]\n\tGetHandleVerifier [0x010729E2+3168226]\n\tGetHandleVerifier [0x00E13250+680016]\n\t(No symbol) [0x00D0572D]\n\t(No symbol) [0x00D029D8]\n\t(No symbol) [0x00D02B75]\n\t(No symbol) [0x00CF57D0]\n\tBaseThreadInitThunk [0x7693FCC9+25]\n\tRtlGetAppContainerNamedObjectPath [0x776A809E+286]\n\tRtlGetAppContainerNamedObjectPath [0x776A806E+238]\n"}} | headers=HTTPHeaderDict({'Content-Length': '984', 'Content-Type': 'application/json; charset=utf-8', 'cache-control': 'no-cache'})
2024-11-21 16:06:50,514 [DEBUG] Finished Request
2024-11-21 16:06:51,016 [DEBUG] POST http://localhost:50909/session/5e1e7963924072bed245be87af6dd289/element {'using': 'xpath', 'value': "//div[contains(@aria-label,'unread items')]//span"}
2024-11-21 16:06:51,048 [DEBUG] http://localhost:50909 "POST /session/5e1e7963924072bed245be87af6dd289/element HTTP/11" 404 0
2024-11-21 16:06:51,049 [DEBUG] Remote response: status=404 | data={"value":{"error":"no such element","message":"no such element: Unable to locate element: {\"method\":\"xpath\",\"selector\":\"//div[contains(@aria-label,'unread items')]//span\"}\n  (Session info: chrome=131.0.6778.86)","stacktrace":"\tGetHandleVerifier [0x00D733E3+25059]\n\t(No symbol) [0x00CFCDE4]\n\t(No symbol) [0x00BDBEC3]\n\t(No symbol) [0x00C1FD86]\n\t(No symbol) [0x00C1FFCB]\n\t(No symbol) [0x00C5D952]\n\t(No symbol) [0x00C41F44]\n\t(No symbol) [0x00C5B51E]\n\t(No symbol) [0x00C41C96]\n\t(No symbol) [0x00C13FAC]\n\t(No symbol) [0x00C14F3D]\n\tGetHandleVerifier [0x01065543+3113795]\n\tGetHandleVerifier [0x0107A20A+3198986]\n\tGetHandleVerifier [0x010729E2+3168226]\n\tGetHandleVerifier [0x00E13250+680016]\n\t(No symbol) [0x00D0572D]\n\t(No symbol) [0x00D029D8]\n\t(No symbol) [0x00D02B75]\n\t(No symbol) [0x00CF57D0]\n\tBaseThreadInitThunk [0x7693FCC9+25]\n\tRtlGetAppContainerNamedObjectPath [0x776A809E+286]\n\tRtlGetAppContainerNamedObjectPath [0x776A806E+238]\n"}} | headers=HTTPHeaderDict({'Content-Length': '984', 'Content-Type': 'application/json; charset=utf-8', 'cache-control': 'no-cache'})
2024-11-21 16:06:51,052 [DEBUG] Finished Request
2024-11-21 16:06:51,554 [DEBUG] POST http://localhost:50909/session/5e1e7963924072bed245be87af6dd289/element {'using': 'xpath', 'value': "//div[contains(@aria-label,'unread items')]//span"}
2024-11-21 16:06:51,597 [DEBUG] http://localhost:50909 "POST /session/5e1e7963924072bed245be87af6dd289/element HTTP/11" 404 0
2024-11-21 16:06:51,598 [DEBUG] Remote response: status=404 | data={"value":{"error":"no such element","message":"no such element: Unable to locate element: {\"method\":\"xpath\",\"selector\":\"//div[contains(@aria-label,'unread items')]//span\"}\n  (Session info: chrome=131.0.6778.86)","stacktrace":"\tGetHandleVerifier [0x00D733E3+25059]\n\t(No symbol) [0x00CFCDE4]\n\t(No symbol) [0x00BDBEC3]\n\t(No symbol) [0x00C1FD86]\n\t(No symbol) [0x00C1FFCB]\n\t(No symbol) [0x00C5D952]\n\t(No symbol) [0x00C41F44]\n\t(No symbol) [0x00C5B51E]\n\t(No symbol) [0x00C41C96]\n\t(No symbol) [0x00C13FAC]\n\t(No symbol) [0x00C14F3D]\n\tGetHandleVerifier [0x01065543+3113795]\n\tGetHandleVerifier [0x0107A20A+3198986]\n\tGetHandleVerifier [0x010729E2+3168226]\n\tGetHandleVerifier [0x00E13250+680016]\n\t(No symbol) [0x00D0572D]\n\t(No symbol) [0x00D029D8]\n\t(No symbol) [0x00D02B75]\n\t(No symbol) [0x00CF57D0]\n\tBaseThreadInitThunk [0x7693FCC9+25]\n\tRtlGetAppContainerNamedObjectPath [0x776A809E+286]\n\tRtlGetAppContainerNamedObjectPath [0x776A806E+238]\n"}} | headers=HTTPHeaderDict({'Content-Length': '984', 'Content-Type': 'application/json; charset=utf-8', 'cache-control': 'no-cache'})
2024-11-21 16:06:51,603 [DEBUG] Finished Request
2024-11-21 16:06:52,104 [DEBUG] POST http://localhost:50909/session/5e1e7963924072bed245be87af6dd289/element {'using': 'xpath', 'value': "//div[contains(@aria-label,'unread items')]//span"}
2024-11-21 16:06:52,125 [DEBUG] http://localhost:50909 "POST /session/5e1e7963924072bed245be87af6dd289/element HTTP/11" 404 0
2024-11-21 16:06:52,133 [DEBUG] Remote response: status=404 | data={"value":{"error":"no such element","message":"no such element: Unable to locate element: {\"method\":\"xpath\",\"selector\":\"//div[contains(@aria-label,'unread items')]//span\"}\n  (Session info: chrome=131.0.6778.86)","stacktrace":"\tGetHandleVerifier [0x00D733E3+25059]\n\t(No symbol) [0x00CFCDE4]\n\t(No symbol) [0x00BDBEC3]\n\t(No symbol) [0x00C1FD86]\n\t(No symbol) [0x00C1FFCB]\n\t(No symbol) [0x00C5D952]\n\t(No symbol) [0x00C41F44]\n\t(No symbol) [0x00C5B51E]\n\t(No symbol) [0x00C41C96]\n\t(No symbol) [0x00C13FAC]\n\t(No symbol) [0x00C14F3D]\n\tGetHandleVerifier [0x01065543+3113795]\n\tGetHandleVerifier [0x0107A20A+3198986]\n\tGetHandleVerifier [0x010729E2+3168226]\n\tGetHandleVerifier [0x00E13250+680016]\n\t(No symbol) [0x00D0572D]\n\t(No symbol) [0x00D029D8]\n\t(No symbol) [0x00D02B75]\n\t(No symbol) [0x00CF57D0]\n\tBaseThreadInitThunk [0x7693FCC9+25]\n\tRtlGetAppContainerNamedObjectPath [0x776A809E+286]\n\tRtlGetAppContainerNamedObjectPath [0x776A806E+238]\n"}} | headers=HTTPHeaderDict({'Content-Length': '984', 'Content-Type': 'application/json; charset=utf-8', 'cache-control': 'no-cache'})
2024-11-21 16:06:52,138 [DEBUG] Finished Request
2024-11-21 16:06:52,641 [DEBUG] POST http://localhost:50909/session/5e1e7963924072bed245be87af6dd289/element {'using': 'xpath', 'value': "//div[contains(@aria-label,'unread items')]//span"}
2024-11-21 16:06:52,688 [DEBUG] http://localhost:50909 "POST /session/5e1e7963924072bed245be87af6dd289/element HTTP/11" 404 0
2024-11-21 16:06:52,709 [DEBUG] Remote response: status=404 | data={"value":{"error":"no such element","message":"no such element: Unable to locate element: {\"method\":\"xpath\",\"selector\":\"//div[contains(@aria-label,'unread items')]//span\"}\n  (Session info: chrome=131.0.6778.86)","stacktrace":"\tGetHandleVerifier [0x00D733E3+25059]\n\t(No symbol) [0x00CFCDE4]\n\t(No symbol) [0x00BDBEC3]\n\t(No symbol) [0x00C1FD86]\n\t(No symbol) [0x00C1FFCB]\n\t(No symbol) [0x00C5D952]\n\t(No symbol) [0x00C41F44]\n\t(No symbol) [0x00C5B51E]\n\t(No symbol) [0x00C41C96]\n\t(No symbol) [0x00C13FAC]\n\t(No symbol) [0x00C14F3D]\n\tGetHandleVerifier [0x01065543+3113795]\n\tGetHandleVerifier [0x0107A20A+3198986]\n\tGetHandleVerifier [0x010729E2+3168226]\n\tGetHandleVerifier [0x00E13250+680016]\n\t(No symbol) [0x00D0572D]\n\t(No symbol) [0x00D029D8]\n\t(No symbol) [0x00D02B75]\n\t(No symbol) [0x00CF57D0]\n\tBaseThreadInitThunk [0x7693FCC9+25]\n\tRtlGetAppContainerNamedObjectPath [0x776A809E+286]\n\tRtlGetAppContainerNamedObjectPath [0x776A806E+238]\n"}} | headers=HTTPHeaderDict({'Content-Length': '984', 'Content-Type': 'application/json; charset=utf-8', 'cache-control': 'no-cache'})
2024-11-21 16:06:52,730 [DEBUG] Finished Request
2024-11-21 16:06:53,232 [DEBUG] POST http://localhost:50909/session/5e1e7963924072bed245be87af6dd289/element {'using': 'xpath', 'value': "//div[contains(@aria-label,'unread items')]//span"}
2024-11-21 16:06:53,281 [DEBUG] http://localhost:50909 "POST /session/5e1e7963924072bed245be87af6dd289/element HTTP/11" 404 0
2024-11-21 16:06:53,282 [DEBUG] Remote response: status=404 | data={"value":{"error":"no such element","message":"no such element: Unable to locate element: {\"method\":\"xpath\",\"selector\":\"//div[contains(@aria-label,'unread items')]//span\"}\n  (Session info: chrome=131.0.6778.86)","stacktrace":"\tGetHandleVerifier [0x00D733E3+25059]\n\t(No symbol) [0x00CFCDE4]\n\t(No symbol) [0x00BDBEC3]\n\t(No symbol) [0x00C1FD86]\n\t(No symbol) [0x00C1FFCB]\n\t(No symbol) [0x00C5D952]\n\t(No symbol) [0x00C41F44]\n\t(No symbol) [0x00C5B51E]\n\t(No symbol) [0x00C41C96]\n\t(No symbol) [0x00C13FAC]\n\t(No symbol) [0x00C14F3D]\n\tGetHandleVerifier [0x01065543+3113795]\n\tGetHandleVerifier [0x0107A20A+3198986]\n\tGetHandleVerifier [0x010729E2+3168226]\n\tGetHandleVerifier [0x00E13250+680016]\n\t(No symbol) [0x00D0572D]\n\t(No symbol) [0x00D029D8]\n\t(No symbol) [0x00D02B75]\n\t(No symbol) [0x00CF57D0]\n\tBaseThreadInitThunk [0x7693FCC9+25]\n\tRtlGetAppContainerNamedObjectPath [0x776A809E+286]\n\tRtlGetAppContainerNamedObjectPath [0x776A806E+238]\n"}} | headers=HTTPHeaderDict({'Content-Length': '984', 'Content-Type': 'application/json; charset=utf-8', 'cache-control': 'no-cache'})
2024-11-21 16:06:53,285 [DEBUG] Finished Request
2024-11-21 16:06:53,788 [DEBUG] POST http://localhost:50909/session/5e1e7963924072bed245be87af6dd289/element {'using': 'xpath', 'value': "//div[contains(@aria-label,'unread items')]//span"}
2024-11-21 16:06:53,813 [DEBUG] http://localhost:50909 "POST /session/5e1e7963924072bed245be87af6dd289/element HTTP/11" 404 0
2024-11-21 16:06:53,814 [DEBUG] Remote response: status=404 | data={"value":{"error":"no such element","message":"no such element: Unable to locate element: {\"method\":\"xpath\",\"selector\":\"//div[contains(@aria-label,'unread items')]//span\"}\n  (Session info: chrome=131.0.6778.86)","stacktrace":"\tGetHandleVerifier [0x00D733E3+25059]\n\t(No symbol) [0x00CFCDE4]\n\t(No symbol) [0x00BDBEC3]\n\t(No symbol) [0x00C1FD86]\n\t(No symbol) [0x00C1FFCB]\n\t(No symbol) [0x00C5D952]\n\t(No symbol) [0x00C41F44]\n\t(No symbol) [0x00C5B51E]\n\t(No symbol) [0x00C41C96]\n\t(No symbol) [0x00C13FAC]\n\t(No symbol) [0x00C14F3D]\n\tGetHandleVerifier [0x01065543+3113795]\n\tGetHandleVerifier [0x0107A20A+3198986]\n\tGetHandleVerifier [0x010729E2+3168226]\n\tGetHandleVerifier [0x00E13250+680016]\n\t(No symbol) [0x00D0572D]\n\t(No symbol) [0x00D029D8]\n\t(No symbol) [0x00D02B75]\n\t(No symbol) [0x00CF57D0]\n\tBaseThreadInitThunk [0x7693FCC9+25]\n\tRtlGetAppContainerNamedObjectPath [0x776A809E+286]\n\tRtlGetAppContainerNamedObjectPath [0x776A806E+238]\n"}} | headers=HTTPHeaderDict({'Content-Length': '984', 'Content-Type': 'application/json; charset=utf-8', 'cache-control': 'no-cache'})
2024-11-21 16:06:53,817 [DEBUG] Finished Request
2024-11-21 16:06:54,317 [DEBUG] POST http://localhost:50909/session/5e1e7963924072bed245be87af6dd289/element {'using': 'xpath', 'value': "//div[contains(@aria-label,'unread items')]//span"}
2024-11-21 16:06:54,342 [DEBUG] http://localhost:50909 "POST /session/5e1e7963924072bed245be87af6dd289/element HTTP/11" 404 0
2024-11-21 16:06:54,343 [DEBUG] Remote response: status=404 | data={"value":{"error":"no such element","message":"no such element: Unable to locate element: {\"method\":\"xpath\",\"selector\":\"//div[contains(@aria-label,'unread items')]//span\"}\n  (Session info: chrome=131.0.6778.86)","stacktrace":"\tGetHandleVerifier [0x00D733E3+25059]\n\t(No symbol) [0x00CFCDE4]\n\t(No symbol) [0x00BDBEC3]\n\t(No symbol) [0x00C1FD86]\n\t(No symbol) [0x00C1FFCB]\n\t(No symbol) [0x00C5D952]\n\t(No symbol) [0x00C41F44]\n\t(No symbol) [0x00C5B51E]\n\t(No symbol) [0x00C41C96]\n\t(No symbol) [0x00C13FAC]\n\t(No symbol) [0x00C14F3D]\n\tGetHandleVerifier [0x01065543+3113795]\n\tGetHandleVerifier [0x0107A20A+3198986]\n\tGetHandleVerifier [0x010729E2+3168226]\n\tGetHandleVerifier [0x00E13250+680016]\n\t(No symbol) [0x00D0572D]\n\t(No symbol) [0x00D029D8]\n\t(No symbol) [0x00D02B75]\n\t(No symbol) [0x00CF57D0]\n\tBaseThreadInitThunk [0x7693FCC9+25]\n\tRtlGetAppContainerNamedObjectPath [0x776A809E+286]\n\tRtlGetAppContainerNamedObjectPath [0x776A806E+238]\n"}} | headers=HTTPHeaderDict({'Content-Length': '984', 'Content-Type': 'application/json; charset=utf-8', 'cache-control': 'no-cache'})
2024-11-21 16:06:54,346 [DEBUG] Finished Request
2024-11-21 16:06:54,848 [DEBUG] POST http://localhost:50909/session/5e1e7963924072bed245be87af6dd289/element {'using': 'xpath', 'value': "//div[contains(@aria-label,'unread items')]//span"}
2024-11-21 16:06:54,866 [DEBUG] http://localhost:50909 "POST /session/5e1e7963924072bed245be87af6dd289/element HTTP/11" 404 0
2024-11-21 16:06:54,867 [DEBUG] Remote response: status=404 | data={"value":{"error":"no such element","message":"no such element: Unable to locate element: {\"method\":\"xpath\",\"selector\":\"//div[contains(@aria-label,'unread items')]//span\"}\n  (Session info: chrome=131.0.6778.86)","stacktrace":"\tGetHandleVerifier [0x00D733E3+25059]\n\t(No symbol) [0x00CFCDE4]\n\t(No symbol) [0x00BDBEC3]\n\t(No symbol) [0x00C1FD86]\n\t(No symbol) [0x00C1FFCB]\n\t(No symbol) [0x00C5D952]\n\t(No symbol) [0x00C41F44]\n\t(No symbol) [0x00C5B51E]\n\t(No symbol) [0x00C41C96]\n\t(No symbol) [0x00C13FAC]\n\t(No symbol) [0x00C14F3D]\n\tGetHandleVerifier [0x01065543+3113795]\n\tGetHandleVerifier [0x0107A20A+3198986]\n\tGetHandleVerifier [0x010729E2+3168226]\n\tGetHandleVerifier [0x00E13250+680016]\n\t(No symbol) [0x00D0572D]\n\t(No symbol) [0x00D029D8]\n\t(No symbol) [0x00D02B75]\n\t(No symbol) [0x00CF57D0]\n\tBaseThreadInitThunk [0x7693FCC9+25]\n\tRtlGetAppContainerNamedObjectPath [0x776A809E+286]\n\tRtlGetAppContainerNamedObjectPath [0x776A806E+238]\n"}} | headers=HTTPHeaderDict({'Content-Length': '984', 'Content-Type': 'application/json; charset=utf-8', 'cache-control': 'no-cache'})
2024-11-21 16:06:54,870 [DEBUG] Finished Request
2024-11-21 16:06:55,372 [DEBUG] POST http://localhost:50909/session/5e1e7963924072bed245be87af6dd289/element {'using': 'xpath', 'value': "//div[contains(@aria-label,'unread items')]//span"}
2024-11-21 16:06:55,461 [DEBUG] http://localhost:50909 "POST /session/5e1e7963924072bed245be87af6dd289/element HTTP/11" 404 0
2024-11-21 16:06:55,461 [DEBUG] Remote response: status=404 | data={"value":{"error":"no such element","message":"no such element: Unable to locate element: {\"method\":\"xpath\",\"selector\":\"//div[contains(@aria-label,'unread items')]//span\"}\n  (Session info: chrome=131.0.6778.86)","stacktrace":"\tGetHandleVerifier [0x00D733E3+25059]\n\t(No symbol) [0x00CFCDE4]\n\t(No symbol) [0x00BDBEC3]\n\t(No symbol) [0x00C1FD86]\n\t(No symbol) [0x00C1FFCB]\n\t(No symbol) [0x00C5D952]\n\t(No symbol) [0x00C41F44]\n\t(No symbol) [0x00C5B51E]\n\t(No symbol) [0x00C41C96]\n\t(No symbol) [0x00C13FAC]\n\t(No symbol) [0x00C14F3D]\n\tGetHandleVerifier [0x01065543+3113795]\n\tGetHandleVerifier [0x0107A20A+3198986]\n\tGetHandleVerifier [0x010729E2+3168226]\n\tGetHandleVerifier [0x00E13250+680016]\n\t(No symbol) [0x00D0572D]\n\t(No symbol) [0x00D029D8]\n\t(No symbol) [0x00D02B75]\n\t(No symbol) [0x00CF57D0]\n\tBaseThreadInitThunk [0x7693FCC9+25]\n\tRtlGetAppContainerNamedObjectPath [0x776A809E+286]\n\tRtlGetAppContainerNamedObjectPath [0x776A806E+238]\n"}} | headers=HTTPHeaderDict({'Content-Length': '984', 'Content-Type': 'application/json; charset=utf-8', 'cache-control': 'no-cache'})
2024-11-21 16:06:55,506 [DEBUG] Finished Request
2024-11-21 16:06:56,016 [INFO] Unread mentions to process: 0
2024-11-21 16:06:56,017 [INFO] Reply log loaded.
2024-11-21 16:06:56,018 [INFO] Processed all unread mentions. Exiting.
2024-11-21 16:06:56,028 [DEBUG] GET http://localhost:50909/session/5e1e7963924072bed245be87af6dd289/cookie {}
2024-11-21 16:06:56,068 [DEBUG] http://localhost:50909 "GET /session/5e1e7963924072bed245be87af6dd289/cookie HTTP/11" 200 0
2024-11-21 16:06:56,069 [DEBUG] Remote response: status=200 | data={"value":[{"domain":".x.com","expiry":1763721400,"httpOnly":false,"name":"personalization_id","path":"/","sameSite":"None","secure":true,"value":"\"v1_laCSI9634TqOs5uRuxK2Ag==\""},{"domain":"x.com","httpOnly":false,"name":"lang","path":"/","sameSite":"Lax","secure":false,"value":"en"},{"domain":".x.com","expiry":1763721407,"httpOnly":false,"name":"twid","path":"/","sameSite":"None","secure":true,"value":"u%3D1850450430490230785"},{"domain":".x.com","expiry":1763721405,"httpOnly":false,"name":"night_mode","path":"/","sameSite":"None","secure":true,"value":"2"},{"domain":".x.com","expiry":1732194385,"httpOnly":false,"name":"gt","path":"/","sameSite":"Lax","secure":true,"value":"1859546396275175703"},{"domain":".x.com","expiry":1766745403,"httpOnly":false,"name":"guest_id_ads","path":"/","sameSite":"None","secure":true,"value":"v1%3A173216584046643547"},{"domain":".x.com","expiry":1763701851,"httpOnly":false,"name":"guest_id","path":"/","sameSite":"None","secure":true,"value":"v1%3A173216584046643547"},{"domain":".x.com","httpOnly":false,"name":"lang","path":"/","sameSite":"Lax","secure":true,"value":"en"},{"domain":".x.com","expiry":1732220910,"httpOnly":true,"name":"att","path":"/","sameSite":"None","secure":true,"value":"1-D1PitCCxOsvsLNiY43CcrPYF1K1o8V6vN9uRQYfH"},{"domain":".x.com","expiry":1766680522,"httpOnly":true,"name":"auth_token","path":"/","sameSite":"None","secure":true,"value":"4086b2a1ec47df902b4db3c07a52ad9567ce8a90"},{"domain":".x.com","expiry":1766725854,"httpOnly":false,"name":"ct0","path":"/","sameSite":"Lax","secure":true,"value":"0937230df17fcb31f1d416adb6797678d415f427132a08aa5e7b1c314a5efcbeb62fabad2d81a68621999f3186d50422a2693116e66e624a291d72a1bc55de6df015a11f865fde7f979464514c561707"},{"domain":".x.com","expiry":1766745403,"httpOnly":false,"name":"guest_id_marketing","path":"/","sameSite":"None","secure":true,"value":"v1%3A173216584046643547"}]} | headers=HTTPHeaderDict({'Content-Length': '1902', 'Content-Type': 'application/json; charset=utf-8', 'cache-control': 'no-cache'})
2024-11-21 16:06:56,077 [DEBUG] Finished Request
2024-11-21 16:06:56,079 [INFO] Cookies saved successfully.
2024-11-21 16:06:56,080 [DEBUG] DELETE http://localhost:50909/session/5e1e7963924072bed245be87af6dd289 {}
2024-11-21 16:06:56,650 [DEBUG] http://localhost:50909 "DELETE /session/5e1e7963924072bed245be87af6dd289 HTTP/11" 200 0
2024-11-21 16:06:56,650 [DEBUG] Remote response: status=200 | data={"value":null} | headers=HTTPHeaderDict({'Content-Length': '14', 'Content-Type': 'application/json; charset=utf-8', 'cache-control': 'no-cache'})
2024-11-21 16:06:56,651 [DEBUG] Finished Request
